<?xml version="1.0" encoding="UTF-8"?>
<testsuite errors="0" failures="0" hostname="XXX-PC" name="ParkBoyTest" tests="4" time="0.238" timestamp="2012-12-20T14:00:03">
  <properties />
  <testcase classname="ParkBoyTest" name="should_park_random_if_face_the_normal_boy" time="0.04" />
  <testcase classname="ParkBoyTest" name="should_park_more_space_if_face_the_smart_boy" time="0.0010" />
  <testcase classname="ParkBoyTest" name="should_print_info_if_super_boy_has_three_car" time="0.013" />
  <testcase classname="ParkBoyTest" name="should_park_highest_free_rate_if_face_the_super_boy" time="0.0" />
  <system-out><![CDATA[]]></system-out>
  <system-err><![CDATA[]]></system-err>
</testsuite>
